Arguments: 
  C:\Program Files\nodejs\node.exe C:\Users\Waite-Ryan-M\AppData\Roaming\npm\node_modules\yarn\bin\yarn.js add cssnano/package.json -D

PATH: 
  C:\Program Files (x86)\Common Files\Oracle\Java\javapath;C:\WINDOWS\system32;C:\WINDOWS;C:\WINDOWS\System32\Wbem;C:\WINDOWS\System32\WindowsPowerShell\v1.0\;C:\Program Files (x86)\HID Global\ActivClient\;C:\Program Files\HID Global\ActivClient\;C:\Program Files (x86)\WebEx\Productivity Tools;C:\Program Files (x86)\Sennheiser\SoftphoneSDK\;C:\Program Files (x86)\CheckPoint\Endpoint Security\Endpoint Common\bin;C:\Program Files (x86)\WebEx\PTools020000000;C:\Program Files\nodejs\;C:\Users\Waite-Ryan-M\AppData\Local\Microsoft\WindowsApps;C:\Users\Waite-Ryan-M\AppData\Roaming\npm;C:\Users\Waite-Ryan-M\AppData\Local\atom\bin;C:\Users\Waite-Ryan-M\AppData\Local\Microsoft\WindowsApps;

Yarn version: 
  1.5.1

Node version: 
  8.9.4

Platform: 
  win32 x64

npm manifest: 
  {
    "name": "idb-sample-app",
    "version": "1.0.0",
    "description": "",
    "main": "main.js",
    "scripts": {
      "test": "echo \"Error: no test specified\" && exit 1"
    },
    "author": "",
    "license": "ISC",
    "dependencies": {
      "idb": "^2.1.3",
      "knockout": "^3.4.2",
      "prop-types": "^15.6.2"
    },
    "devDependencies": {
      "cssnano": "^4.1.0"
    }
  }

yarn manifest: 
  No manifest

Lockfile: 
  # THIS IS AN AUTOGENERATED FILE. DO NOT EDIT THIS FILE DIRECTLY.
  # yarn lockfile v1
  
  
  alphanum-sort@^1.0.0:
    version "1.0.2"
    resolved "https://registry.yarnpkg.com/alphanum-sort/-/alphanum-sort-1.0.2.tgz#97a1119649b211ad33691d9f9f486a8ec9fbe0a3"
  
  ansi-styles@^3.2.1:
    version "3.2.1"
    resolved "https://registry.yarnpkg.com/ansi-styles/-/ansi-styles-3.2.1.tgz#41fbb20243e50b12be0f04b8dedbf07520ce841d"
    dependencies:
      color-convert "^1.9.0"
  
  argparse@^1.0.7:
    version "1.0.10"
    resolved "https://registry.yarnpkg.com/argparse/-/argparse-1.0.10.tgz#bcd6791ea5ae09725e17e5ad988134cd40b3d911"
    dependencies:
      sprintf-js "~1.0.2"
  
  boolbase@^1.0.0, boolbase@~1.0.0:
    version "1.0.0"
    resolved "https://registry.yarnpkg.com/boolbase/-/boolbase-1.0.0.tgz#68dff5fbe60c51eb37725ea9e3ed310dcc1e776e"
  
  browserslist@^4.0.0:
    version "4.1.1"
    resolved "https://registry.yarnpkg.com/browserslist/-/browserslist-4.1.1.tgz#328eb4ff1215b12df6589e9ab82f8adaa4fc8cd6"
    dependencies:
      caniuse-lite "^1.0.30000884"
      electron-to-chromium "^1.3.62"
      node-releases "^1.0.0-alpha.11"
  
  caniuse-api@^3.0.0:
    version "3.0.0"
    resolved "https://registry.yarnpkg.com/caniuse-api/-/caniuse-api-3.0.0.tgz#5e4d90e2274961d46291997df599e3ed008ee4c0"
    dependencies:
      browserslist "^4.0.0"
      caniuse-lite "^1.0.0"
      lodash.memoize "^4.1.2"
      lodash.uniq "^4.5.0"
  
  caniuse-lite@^1.0.0, caniuse-lite@^1.0.30000884:
    version "1.0.30000885"
    resolved "https://registry.yarnpkg.com/caniuse-lite/-/caniuse-lite-1.0.30000885.tgz#e889e9f8e7e50e769f2a49634c932b8aee622984"
  
  chalk@^2.4.1:
    version "2.4.1"
    resolved "https://registry.yarnpkg.com/chalk/-/chalk-2.4.1.tgz#18c49ab16a037b6eb0152cc83e3471338215b66e"
    dependencies:
      ansi-styles "^3.2.1"
      escape-string-regexp "^1.0.5"
      supports-color "^5.3.0"
  
  coa@~2.0.1:
    version "2.0.1"
    resolved "https://registry.yarnpkg.com/coa/-/coa-2.0.1.tgz#f3f8b0b15073e35d70263fb1042cb2c023db38af"
    dependencies:
      q "^1.1.2"
  
  color-convert@^1.9.0, color-convert@^1.9.1:
    version "1.9.3"
    resolved "https://registry.yarnpkg.com/color-convert/-/color-convert-1.9.3.tgz#bb71850690e1f136567de629d2d5471deda4c1e8"
    dependencies:
      color-name "1.1.3"
  
  color-name@1.1.3, color-name@^1.0.0:
    version "1.1.3"
    resolved "https://registry.yarnpkg.com/color-name/-/color-name-1.1.3.tgz#a7d0558bd89c42f795dd42328f740831ca53bc25"
  
  color-string@^1.5.2:
    version "1.5.3"
    resolved "https://registry.yarnpkg.com/color-string/-/color-string-1.5.3.tgz#c9bbc5f01b58b5492f3d6857459cb6590ce204cc"
    dependencies:
      color-name "^1.0.0"
      simple-swizzle "^0.2.2"
  
  color@^3.0.0:
    version "3.0.0"
    resolved "https://registry.yarnpkg.com/color/-/color-3.0.0.tgz#d920b4328d534a3ac8295d68f7bd4ba6c427be9a"
    dependencies:
      color-convert "^1.9.1"
      color-string "^1.5.2"
  
  colors@~1.1.2:
    version "1.1.2"
    resolved "https://registry.yarnpkg.com/colors/-/colors-1.1.2.tgz#168a4701756b6a7f51a12ce0c97bfa28c084ed63"
  
  cosmiconfig@^5.0.0:
    version "5.0.6"
    resolved "https://registry.yarnpkg.com/cosmiconfig/-/cosmiconfig-5.0.6.tgz#dca6cf680a0bd03589aff684700858c81abeeb39"
    dependencies:
      is-directory "^0.3.1"
      js-yaml "^3.9.0"
      parse-json "^4.0.0"
  
  css-color-names@0.0.4, css-color-names@^0.0.4:
    version "0.0.4"
    resolved "https://registry.yarnpkg.com/css-color-names/-/css-color-names-0.0.4.tgz#808adc2e79cf84738069b646cb20ec27beb629e0"
  
  css-declaration-sorter@^3.0.0:
    version "3.0.1"
    resolved "https://registry.yarnpkg.com/css-declaration-sorter/-/css-declaration-sorter-3.0.1.tgz#d0e3056b0fd88dc1ea9dceff435adbe9c702a7f8"
    dependencies:
      postcss "^6.0.0"
      timsort "^0.3.0"
  
  css-select-base-adapter@~0.1.0:
    version "0.1.0"
    resolved "https://registry.yarnpkg.com/css-select-base-adapter/-/css-select-base-adapter-0.1.0.tgz#0102b3d14630df86c3eb9fa9f5456270106cf990"
  
  css-select@~1.3.0-rc0:
    version "1.3.0-rc0"
    resolved "https://registry.yarnpkg.com/css-select/-/css-select-1.3.0-rc0.tgz#6f93196aaae737666ea1036a8cb14a8fcb7a9231"
    dependencies:
      boolbase "^1.0.0"
      css-what "2.1"
      domutils "1.5.1"
      nth-check "^1.0.1"
  
  css-tree@1.0.0-alpha.29:
    version "1.0.0-alpha.29"
    resolved "https://registry.yarnpkg.com/css-tree/-/css-tree-1.0.0-alpha.29.tgz#3fa9d4ef3142cbd1c301e7664c1f352bd82f5a39"
    dependencies:
      mdn-data "~1.1.0"
      source-map "^0.5.3"
  
  css-tree@1.0.0-alpha25:
    version "1.0.0-alpha25"
    resolved "https://registry.yarnpkg.com/css-tree/-/css-tree-1.0.0-alpha25.tgz#1bbfabfbf6eeef4f01d9108ff2edd0be2fe35597"
    dependencies:
      mdn-data "^1.0.0"
      source-map "^0.5.3"
  
  css-unit-converter@^1.1.1:
    version "1.1.1"
    resolved "https://registry.yarnpkg.com/css-unit-converter/-/css-unit-converter-1.1.1.tgz#d9b9281adcfd8ced935bdbaba83786897f64e996"
  
  css-url-regex@^1.1.0:
    version "1.1.0"
    resolved "https://registry.yarnpkg.com/css-url-regex/-/css-url-regex-1.1.0.tgz#83834230cc9f74c457de59eebd1543feeb83b7ec"
  
  css-what@2.1:
    version "2.1.0"
    resolved "https://registry.yarnpkg.com/css-what/-/css-what-2.1.0.tgz#9467d032c38cfaefb9f2d79501253062f87fa1bd"
  
  cssnano-preset-default@^4.0.0:
    version "4.0.0"
    resolved "https://registry.yarnpkg.com/cssnano-preset-default/-/cssnano-preset-default-4.0.0.tgz#c334287b4f7d49fb2d170a92f9214655788e3b6b"
    dependencies:
      css-declaration-sorter "^3.0.0"
      cssnano-util-raw-cache "^4.0.0"
      postcss "^6.0.0"
      postcss-calc "^6.0.0"
      postcss-colormin "^4.0.0"
      postcss-convert-values "^4.0.0"
      postcss-discard-comments "^4.0.0"
      postcss-discard-duplicates "^4.0.0"
      postcss-discard-empty "^4.0.0"
      postcss-discard-overridden "^4.0.0"
      postcss-merge-longhand "^4.0.0"
      postcss-merge-rules "^4.0.0"
      postcss-minify-font-values "^4.0.0"
      postcss-minify-gradients "^4.0.0"
      postcss-minify-params "^4.0.0"
      postcss-minify-selectors "^4.0.0"
      postcss-normalize-charset "^4.0.0"
      postcss-normalize-display-values "^4.0.0"
      postcss-normalize-positions "^4.0.0"
      postcss-normalize-repeat-style "^4.0.0"
      postcss-normalize-string "^4.0.0"
      postcss-normalize-timing-functions "^4.0.0"
      postcss-normalize-unicode "^4.0.0"
      postcss-normalize-url "^4.0.0"
      postcss-normalize-whitespace "^4.0.0"
      postcss-ordered-values "^4.0.0"
      postcss-reduce-initial "^4.0.0"
      postcss-reduce-transforms "^4.0.0"
      postcss-svgo "^4.0.0"
      postcss-unique-selectors "^4.0.0"
  
  cssnano-util-get-arguments@^4.0.0:
    version "4.0.0"
    resolved "https://registry.yarnpkg.com/cssnano-util-get-arguments/-/cssnano-util-get-arguments-4.0.0.tgz#ed3a08299f21d75741b20f3b81f194ed49cc150f"
  
  cssnano-util-get-match@^4.0.0:
    version "4.0.0"
    resolved "https://registry.yarnpkg.com/cssnano-util-get-match/-/cssnano-util-get-match-4.0.0.tgz#c0e4ca07f5386bb17ec5e52250b4f5961365156d"
  
  cssnano-util-raw-cache@^4.0.0:
    version "4.0.0"
    resolved "https://registry.yarnpkg.com/cssnano-util-raw-cache/-/cssnano-util-raw-cache-4.0.0.tgz#be0a2856e25f185f5f7a2bcc0624e28b7f179a9f"
    dependencies:
      postcss "^6.0.0"
  
  cssnano-util-same-parent@^4.0.0:
    version "4.0.0"
    resolved "https://registry.yarnpkg.com/cssnano-util-same-parent/-/cssnano-util-same-parent-4.0.0.tgz#d2a3de1039aa98bc4ec25001fa050330c2a16dac"
  
  cssnano@^4.1.0:
    version "4.1.0"
    resolved "https://registry.yarnpkg.com/cssnano/-/cssnano-4.1.0.tgz#682c37b84b9b7df616450a5a8dc9269b9bd10734"
    dependencies:
      cosmiconfig "^5.0.0"
      cssnano-preset-default "^4.0.0"
      is-resolvable "^1.0.0"
      postcss "^6.0.0"
  
  csso@^3.5.0:
    version "3.5.1"
    resolved "https://registry.yarnpkg.com/csso/-/csso-3.5.1.tgz#7b9eb8be61628973c1b261e169d2f024008e758b"
    dependencies:
      css-tree "1.0.0-alpha.29"
  
  define-properties@^1.1.2:
    version "1.1.3"
    resolved "https://registry.yarnpkg.com/define-properties/-/define-properties-1.1.3.tgz#cf88da6cbee26fe6db7094f61d870cbd84cee9f1"
    dependencies:
      object-keys "^1.0.12"
  
  dom-serializer@0:
    version "0.1.0"
    resolved "https://registry.yarnpkg.com/dom-serializer/-/dom-serializer-0.1.0.tgz#073c697546ce0780ce23be4a28e293e40bc30c82"
    dependencies:
      domelementtype "~1.1.1"
      entities "~1.1.1"
  
  domelementtype@1:
    version "1.3.0"
    resolved "https://registry.yarnpkg.com/domelementtype/-/domelementtype-1.3.0.tgz#b17aed82e8ab59e52dd9c19b1756e0fc187204c2"
  
  domelementtype@~1.1.1:
    version "1.1.3"
    resolved "https://registry.yarnpkg.com/domelementtype/-/domelementtype-1.1.3.tgz#bd28773e2642881aec51544924299c5cd822185b"
  
  domutils@1.5.1:
    version "1.5.1"
    resolved "https://registry.yarnpkg.com/domutils/-/domutils-1.5.1.tgz#dcd8488a26f563d61079e48c9f7b7e32373682cf"
    dependencies:
      dom-serializer "0"
      domelementtype "1"
  
  dot-prop@^4.1.1:
    version "4.2.0"
    resolved "https://registry.yarnpkg.com/dot-prop/-/dot-prop-4.2.0.tgz#1f19e0c2e1aa0e32797c49799f2837ac6af69c57"
    dependencies:
      is-obj "^1.0.0"
  
  electron-to-chromium@^1.3.62:
    version "1.3.66"
    resolved "https://registry.yarnpkg.com/electron-to-chromium/-/electron-to-chromium-1.3.66.tgz#1410d8f8768a14dcd09d96222990f43c969af270"
  
  entities@~1.1.1:
    version "1.1.1"
    resolved "https://registry.yarnpkg.com/entities/-/entities-1.1.1.tgz#6e5c2d0a5621b5dadaecef80b90edfb5cd7772f0"
  
  error-ex@^1.3.1:
    version "1.3.2"
    resolved "https://registry.yarnpkg.com/error-ex/-/error-ex-1.3.2.tgz#b4ac40648107fdcdcfae242f428bea8a14d4f1bf"
    dependencies:
      is-arrayish "^0.2.1"
  
  es-abstract@^1.5.1, es-abstract@^1.6.1:
    version "1.12.0"
    resolved "https://registry.yarnpkg.com/es-abstract/-/es-abstract-1.12.0.tgz#9dbbdd27c6856f0001421ca18782d786bf8a6165"
    dependencies:
      es-to-primitive "^1.1.1"
      function-bind "^1.1.1"
      has "^1.0.1"
      is-callable "^1.1.3"
      is-regex "^1.0.4"
  
  es-to-primitive@^1.1.1:
    version "1.1.1"
    resolved "https://registry.yarnpkg.com/es-to-primitive/-/es-to-primitive-1.1.1.tgz#45355248a88979034b6792e19bb81f2b7975dd0d"
    dependencies:
      is-callable "^1.1.1"
      is-date-object "^1.0.1"
      is-symbol "^1.0.1"
  
  escape-string-regexp@^1.0.5:
    version "1.0.5"
    resolved "https://registry.yarnpkg.com/escape-string-regexp/-/escape-string-regexp-1.0.5.tgz#1b61c0562190a8dff6ae3bb2cf0200ca130b86d4"
  
  esprima@^4.0.0:
    version "4.0.1"
    resolved "https://registry.yarnpkg.com/esprima/-/esprima-4.0.1.tgz#13b04cdb3e6c5d19df91ab6987a8695619b0aa71"
  
  flatten@^1.0.2:
    version "1.0.2"
    resolved "https://registry.yarnpkg.com/flatten/-/flatten-1.0.2.tgz#dae46a9d78fbe25292258cc1e780a41d95c03782"
  
  function-bind@^1.1.0, function-bind@^1.1.1:
    version "1.1.1"
    resolved "https://registry.yarnpkg.com/function-bind/-/function-bind-1.1.1.tgz#a56899d3ea3c9bab874bb9773b7c5ede92f4895d"
  
  has-flag@^3.0.0:
    version "3.0.0"
    resolved "https://registry.yarnpkg.com/has-flag/-/has-flag-3.0.0.tgz#b5d454dc2199ae225699f3467e5a07f3b955bafd"
  
  has@^1.0.0, has@^1.0.1:
    version "1.0.3"
    resolved "https://registry.yarnpkg.com/has/-/has-1.0.3.tgz#722d7cbfc1f6aa8241f16dd814e011e1f41e8796"
    dependencies:
      function-bind "^1.1.1"
  
  hex-color-regex@^1.1.0:
    version "1.1.0"
    resolved "https://registry.yarnpkg.com/hex-color-regex/-/hex-color-regex-1.1.0.tgz#4c06fccb4602fe2602b3c93df82d7e7dbf1a8a8e"
  
  hsl-regex@^1.0.0:
    version "1.0.0"
    resolved "https://registry.yarnpkg.com/hsl-regex/-/hsl-regex-1.0.0.tgz#d49330c789ed819e276a4c0d272dffa30b18fe6e"
  
  hsla-regex@^1.0.0:
    version "1.0.0"
    resolved "https://registry.yarnpkg.com/hsla-regex/-/hsla-regex-1.0.0.tgz#c1ce7a3168c8c6614033a4b5f7877f3b225f9c38"
  
  html-comment-regex@^1.1.0:
    version "1.1.1"
    resolved "https://registry.yarnpkg.com/html-comment-regex/-/html-comment-regex-1.1.1.tgz#668b93776eaae55ebde8f3ad464b307a4963625e"
  
  idb@^2.1.3:
    version "2.1.3"
    resolved "https://registry.yarnpkg.com/idb/-/idb-2.1.3.tgz#7b295fa1a46ab7851e42dd85543a271435f87fee"
  
  indexes-of@^1.0.1:
    version "1.0.1"
    resolved "https://registry.yarnpkg.com/indexes-of/-/indexes-of-1.0.1.tgz#f30f716c8e2bd346c7b67d3df3915566a7c05607"
  
  is-absolute-url@^2.0.0:
    version "2.1.0"
    resolved "https://registry.yarnpkg.com/is-absolute-url/-/is-absolute-url-2.1.0.tgz#50530dfb84fcc9aa7dbe7852e83a37b93b9f2aa6"
  
  is-arrayish@^0.2.1:
    version "0.2.1"
    resolved "https://registry.yarnpkg.com/is-arrayish/-/is-arrayish-0.2.1.tgz#77c99840527aa8ecb1a8ba697b80645a7a926a9d"
  
  is-arrayish@^0.3.1:
    version "0.3.2"
    resolved "https://registry.yarnpkg.com/is-arrayish/-/is-arrayish-0.3.2.tgz#4574a2ae56f7ab206896fb431eaeed066fdf8f03"
  
  is-callable@^1.1.1, is-callable@^1.1.3:
    version "1.1.4"
    resolved "https://registry.yarnpkg.com/is-callable/-/is-callable-1.1.4.tgz#1e1adf219e1eeb684d691f9d6a05ff0d30a24d75"
  
  is-color-stop@^1.0.0:
    version "1.1.0"
    resolved "https://registry.yarnpkg.com/is-color-stop/-/is-color-stop-1.1.0.tgz#cfff471aee4dd5c9e158598fbe12967b5cdad345"
    dependencies:
      css-color-names "^0.0.4"
      hex-color-regex "^1.1.0"
      hsl-regex "^1.0.0"
      hsla-regex "^1.0.0"
      rgb-regex "^1.0.1"
      rgba-regex "^1.0.0"
  
  is-date-object@^1.0.1:
    version "1.0.1"
    resolved "https://registry.yarnpkg.com/is-date-object/-/is-date-object-1.0.1.tgz#9aa20eb6aeebbff77fbd33e74ca01b33581d3a16"
  
  is-directory@^0.3.1:
    version "0.3.1"
    resolved "https://registry.yarnpkg.com/is-directory/-/is-directory-0.3.1.tgz#61339b6f2475fc772fd9c9d83f5c8575dc154ae1"
  
  is-obj@^1.0.0:
    version "1.0.1"
    resolved "http://registry.npmjs.org/is-obj/-/is-obj-1.0.1.tgz#3e4729ac1f5fde025cd7d83a896dab9f4f67db0f"
  
  is-regex@^1.0.4:
    version "1.0.4"
    resolved "https://registry.yarnpkg.com/is-regex/-/is-regex-1.0.4.tgz#5517489b547091b0930e095654ced25ee97e9491"
    dependencies:
      has "^1.0.1"
  
  is-resolvable@^1.0.0:
    version "1.1.0"
    resolved "https://registry.yarnpkg.com/is-resolvable/-/is-resolvable-1.1.0.tgz#fb18f87ce1feb925169c9a407c19318a3206ed88"
  
  is-svg@^3.0.0:
    version "3.0.0"
    resolved "https://registry.yarnpkg.com/is-svg/-/is-svg-3.0.0.tgz#9321dbd29c212e5ca99c4fa9794c714bcafa2f75"
    dependencies:
      html-comment-regex "^1.1.0"
  
  is-symbol@^1.0.1:
    version "1.0.1"
    resolved "https://registry.yarnpkg.com/is-symbol/-/is-symbol-1.0.1.tgz#3cc59f00025194b6ab2e38dbae6689256b660572"
  
  "js-tokens@^3.0.0 || ^4.0.0":
    version "4.0.0"
    resolved "https://registry.yarnpkg.com/js-tokens/-/js-tokens-4.0.0.tgz#19203fb59991df98e3a287050d4647cdeaf32499"
  
  js-yaml@^3.9.0:
    version "3.12.0"
    resolved "https://registry.yarnpkg.com/js-yaml/-/js-yaml-3.12.0.tgz#eaed656ec8344f10f527c6bfa1b6e2244de167d1"
    dependencies:
      argparse "^1.0.7"
      esprima "^4.0.0"
  
  js-yaml@~3.10.0:
    version "3.10.0"
    resolved "https://registry.yarnpkg.com/js-yaml/-/js-yaml-3.10.0.tgz#2e78441646bd4682e963f22b6e92823c309c62dc"
    dependencies:
      argparse "^1.0.7"
      esprima "^4.0.0"
  
  json-parse-better-errors@^1.0.1:
    version "1.0.2"
    resolved "https://registry.yarnpkg.com/json-parse-better-errors/-/json-parse-better-errors-1.0.2.tgz#bb867cfb3450e69107c131d1c514bab3dc8bcaa9"
  
  knockout@^3.4.2:
    version "3.4.2"
    resolved "https://registry.yarnpkg.com/knockout/-/knockout-3.4.2.tgz#e87958de77ad1e936f7ce645bab8b5d7c456d937"
  
  lodash.memoize@^4.1.2:
    version "4.1.2"
    resolved "https://registry.yarnpkg.com/lodash.memoize/-/lodash.memoize-4.1.2.tgz#bcc6c49a42a2840ed997f323eada5ecd182e0bfe"
  
  lodash.uniq@^4.5.0:
    version "4.5.0"
    resolved "https://registry.yarnpkg.com/lodash.uniq/-/lodash.uniq-4.5.0.tgz#d0225373aeb652adc1bc82e4945339a842754773"
  
  loose-envify@^1.3.1:
    version "1.4.0"
    resolved "https://registry.yarnpkg.com/loose-envify/-/loose-envify-1.4.0.tgz#71ee51fa7be4caec1a63839f7e682d8132d30caf"
    dependencies:
      js-tokens "^3.0.0 || ^4.0.0"
  
  mdn-data@^1.0.0:
    version "1.2.0"
    resolved "https://registry.yarnpkg.com/mdn-data/-/mdn-data-1.2.0.tgz#eadd28b0f2d307cf27e71524609bfb749ebfc0b6"
  
  mdn-data@~1.1.0:
    version "1.1.4"
    resolved "https://registry.yarnpkg.com/mdn-data/-/mdn-data-1.1.4.tgz#50b5d4ffc4575276573c4eedb8780812a8419f01"
  
  minimist@0.0.8:
    version "0.0.8"
    resolved "http://registry.npmjs.org/minimist/-/minimist-0.0.8.tgz#857fcabfc3397d2625b8228262e86aa7a011b05d"
  
  mkdirp@~0.5.1:
    version "0.5.1"
    resolved "http://registry.npmjs.org/mkdirp/-/mkdirp-0.5.1.tgz#30057438eac6cf7f8c4767f38648d6697d75c903"
    dependencies:
      minimist "0.0.8"
  
  node-releases@^1.0.0-alpha.11:
    version "1.0.0-alpha.11"
    resolved "https://registry.yarnpkg.com/node-releases/-/node-releases-1.0.0-alpha.11.tgz#73c810acc2e5b741a17ddfbb39dfca9ab9359d8a"
    dependencies:
      semver "^5.3.0"
  
  normalize-url@^3.0.0:
    version "3.3.0"
    resolved "https://registry.yarnpkg.com/normalize-url/-/normalize-url-3.3.0.tgz#b2e1c4dc4f7c6d57743df733a4f5978d18650559"
  
  nth-check@^1.0.1:
    version "1.0.1"
    resolved "https://registry.yarnpkg.com/nth-check/-/nth-check-1.0.1.tgz#9929acdf628fc2c41098deab82ac580cf149aae4"
    dependencies:
      boolbase "~1.0.0"
  
  object-assign@^4.1.1:
    version "4.1.1"
    resolved "https://registry.yarnpkg.com/object-assign/-/object-assign-4.1.1.tgz#2109adc7965887cfc05cbbd442cac8bfbb360863"
  
  object-keys@^1.0.12:
    version "1.0.12"
    resolved "https://registry.yarnpkg.com/object-keys/-/object-keys-1.0.12.tgz#09c53855377575310cca62f55bb334abff7b3ed2"
  
  object.getownpropertydescriptors@^2.0.3:
    version "2.0.3"
    resolved "https://registry.yarnpkg.com/object.getownpropertydescriptors/-/object.getownpropertydescriptors-2.0.3.tgz#8758c846f5b407adab0f236e0986f14b051caa16"
    dependencies:
      define-properties "^1.1.2"
      es-abstract "^1.5.1"
  
  object.values@^1.0.4:
    version "1.0.4"
    resolved "https://registry.yarnpkg.com/object.values/-/object.values-1.0.4.tgz#e524da09b4f66ff05df457546ec72ac99f13069a"
    dependencies:
      define-properties "^1.1.2"
      es-abstract "^1.6.1"
      function-bind "^1.1.0"
      has "^1.0.1"
  
  parse-json@^4.0.0:
    version "4.0.0"
    resolved "https://registry.yarnpkg.com/parse-json/-/parse-json-4.0.0.tgz#be35f5425be1f7f6c747184f98a788cb99477ee0"
    dependencies:
      error-ex "^1.3.1"
      json-parse-better-errors "^1.0.1"
  
  postcss-calc@^6.0.0:
    version "6.0.1"
    resolved "https://registry.yarnpkg.com/postcss-calc/-/postcss-calc-6.0.1.tgz#3d24171bbf6e7629d422a436ebfe6dd9511f4330"
    dependencies:
      css-unit-converter "^1.1.1"
      postcss "^6.0.0"
      postcss-selector-parser "^2.2.2"
      reduce-css-calc "^2.0.0"
  
  postcss-colormin@^4.0.0:
    version "4.0.1"
    resolved "https://registry.yarnpkg.com/postcss-colormin/-/postcss-colormin-4.0.1.tgz#6f1c18a0155bc69613f2ff13843e2e4ae8ff0bbe"
    dependencies:
      browserslist "^4.0.0"
      color "^3.0.0"
      has "^1.0.0"
      postcss "^6.0.0"
      postcss-value-parser "^3.0.0"
  
  postcss-convert-values@^4.0.0:
    version "4.0.0"
    resolved "https://registry.yarnpkg.com/postcss-convert-values/-/postcss-convert-values-4.0.0.tgz#77d77d9aed1dc4e6956e651cc349d53305876f62"
    dependencies:
      postcss "^6.0.0"
      postcss-value-parser "^3.0.0"
  
  postcss-discard-comments@^4.0.0:
    version "4.0.0"
    resolved "https://registry.yarnpkg.com/postcss-discard-comments/-/postcss-discard-comments-4.0.0.tgz#9684a299e76b3e93263ef8fd2adbf1a1c08fd88d"
    dependencies:
      postcss "^6.0.0"
  
  postcss-discard-duplicates@^4.0.0:
    version "4.0.0"
    resolved "https://registry.yarnpkg.com/postcss-discard-duplicates/-/postcss-discard-duplicates-4.0.0.tgz#42f3c267f85fa909e042c35767ecfd65cb2bd72c"
    dependencies:
      postcss "^6.0.0"
  
  postcss-discard-empty@^4.0.0:
    version "4.0.0"
    resolved "https://registry.yarnpkg.com/postcss-discard-empty/-/postcss-discard-empty-4.0.0.tgz#55e18a59c74128e38c7d2804bcfa4056611fb97f"
    dependencies:
      postcss "^6.0.0"
  
  postcss-discard-overridden@^4.0.0:
    version "4.0.0"
    resolved "https://registry.yarnpkg.com/postcss-discard-overridden/-/postcss-discard-overridden-4.0.0.tgz#4a0bf85978784cf1f81ed2c1c1fd9d964a1da1fa"
    dependencies:
      postcss "^6.0.0"
  
  postcss-merge-longhand@^4.0.0:
    version "4.0.5"
    resolved "https://registry.yarnpkg.com/postcss-merge-longhand/-/postcss-merge-longhand-4.0.5.tgz#00898d72347fc7e40bb564b11bdc08119c599b59"
    dependencies:
      css-color-names "0.0.4"
      postcss "^6.0.0"
      postcss-value-parser "^3.0.0"
      stylehacks "^4.0.0"
  
  postcss-merge-rules@^4.0.0:
    version "4.0.1"
    resolved "https://registry.yarnpkg.com/postcss-merge-rules/-/postcss-merge-rules-4.0.1.tgz#430fd59b3f2ed2e8afcd0b31278eda39854abb10"
    dependencies:
      browserslist "^4.0.0"
      caniuse-api "^3.0.0"
      cssnano-util-same-parent "^4.0.0"
      postcss "^6.0.0"
      postcss-selector-parser "^3.0.0"
      vendors "^1.0.0"
  
  postcss-minify-font-values@^4.0.0:
    version "4.0.0"
    resolved "https://registry.yarnpkg.com/postcss-minify-font-values/-/postcss-minify-font-values-4.0.0.tgz#4cc33d283d6a81759036e757ef981d92cbd85bed"
    dependencies:
      postcss "^6.0.0"
      postcss-value-parser "^3.0.0"
  
  postcss-minify-gradients@^4.0.0:
    version "4.0.0"
    resolved "https://registry.yarnpkg.com/postcss-minify-gradients/-/postcss-minify-gradients-4.0.0.tgz#3fc3916439d27a9bb8066db7cdad801650eb090e"
    dependencies:
      cssnano-util-get-arguments "^4.0.0"
      is-color-stop "^1.0.0"
      postcss "^6.0.0"
      postcss-value-parser "^3.0.0"
  
  postcss-minify-params@^4.0.0:
    version "4.0.0"
    resolved "https://registry.yarnpkg.com/postcss-minify-params/-/postcss-minify-params-4.0.0.tgz#05e9166ee48c05af651989ce84d39c1b4d790674"
    dependencies:
      alphanum-sort "^1.0.0"
      cssnano-util-get-arguments "^4.0.0"
      postcss "^6.0.0"
      postcss-value-parser "^3.0.0"
      uniqs "^2.0.0"
  
  postcss-minify-selectors@^4.0.0:
    version "4.0.0"
    resolved "https://registry.yarnpkg.com/postcss-minify-selectors/-/postcss-minify-selectors-4.0.0.tgz#b1e9f6c463416d3fcdcb26e7b785d95f61578aad"
    dependencies:
      alphanum-sort "^1.0.0"
      has "^1.0.0"
      postcss "^6.0.0"
      postcss-selector-parser "^3.0.0"
  
  postcss-normalize-charset@^4.0.0:
    version "4.0.0"
    resolved "https://registry.yarnpkg.com/postcss-normalize-charset/-/postcss-normalize-charset-4.0.0.tgz#24527292702d5e8129eafa3d1de49ed51a6ab730"
    dependencies:
      postcss "^6.0.0"
  
  postcss-normalize-display-values@^4.0.0:
    version "4.0.0"
    resolved "https://registry.yarnpkg.com/postcss-normalize-display-values/-/postcss-normalize-display-values-4.0.0.tgz#950e0c7be3445770a160fffd6b6644c3c0cd8f89"
    dependencies:
      cssnano-util-get-match "^4.0.0"
      postcss "^6.0.0"
      postcss-value-parser "^3.0.0"
  
  postcss-normalize-positions@^4.0.0:
    version "4.0.0"
    resolved "https://registry.yarnpkg.com/postcss-normalize-positions/-/postcss-normalize-positions-4.0.0.tgz#ee9343ab981b822c63ab72615ecccd08564445a3"
    dependencies:
      cssnano-util-get-arguments "^4.0.0"
      has "^1.0.0"
      postcss "^6.0.0"
      postcss-value-parser "^3.0.0"
  
  postcss-normalize-repeat-style@^4.0.0:
    version "4.0.0"
    resolved "https://registry.yarnpkg.com/postcss-normalize-repeat-style/-/postcss-normalize-repeat-style-4.0.0.tgz#b711c592cf16faf9ff575e42fa100b6799083eff"
    dependencies:
      cssnano-util-get-arguments "^4.0.0"
      cssnano-util-get-match "^4.0.0"
      postcss "^6.0.0"
      postcss-value-parser "^3.0.0"
  
  postcss-normalize-string@^4.0.0:
    version "4.0.0"
    resolved "https://registry.yarnpkg.com/postcss-normalize-string/-/postcss-normalize-string-4.0.0.tgz#718cb6d30a6fac6ac6a830e32c06c07dbc66fe5d"
    dependencies:
      has "^1.0.0"
      postcss "^6.0.0"
      postcss-value-parser "^3.0.0"
  
  postcss-normalize-timing-functions@^4.0.0:
    version "4.0.0"
    resolved "https://registry.yarnpkg.com/postcss-normalize-timing-functions/-/postcss-normalize-timing-functions-4.0.0.tgz#0351f29886aa981d43d91b2c2bd1aea6d0af6d23"
    dependencies:
      cssnano-util-get-match "^4.0.0"
      postcss "^6.0.0"
      postcss-value-parser "^3.0.0"
  
  postcss-normalize-unicode@^4.0.0:
    version "4.0.0"
    resolved "https://registry.yarnpkg.com/postcss-normalize-unicode/-/postcss-normalize-unicode-4.0.0.tgz#5acd5d47baea5d17674b2ccc4ae5166fa88cdf97"
    dependencies:
      postcss "^6.0.0"
      postcss-value-parser "^3.0.0"
  
  postcss-normalize-url@^4.0.0:
    version "4.0.0"
    resolved "https://registry.yarnpkg.com/postcss-normalize-url/-/postcss-normalize-url-4.0.0.tgz#b7a9c8ad26cf26694c146eb2d68bd0cf49956f0d"
    dependencies:
      is-absolute-url "^2.0.0"
      normalize-url "^3.0.0"
      postcss "^6.0.0"
      postcss-value-parser "^3.0.0"
  
  postcss-normalize-whitespace@^4.0.0:
    version "4.0.0"
    resolved "https://registry.yarnpkg.com/postcss-normalize-whitespace/-/postcss-normalize-whitespace-4.0.0.tgz#1da7e76b10ae63c11827fa04fc3bb4a1efe99cc0"
    dependencies:
      postcss "^6.0.0"
      postcss-value-parser "^3.0.0"
  
  postcss-ordered-values@^4.0.0:
    version "4.1.0"
    resolved "https://registry.yarnpkg.com/postcss-ordered-values/-/postcss-ordered-values-4.1.0.tgz#2c769d5d44aa3c7c907b8be2e997ed19dfd8d50a"
    dependencies:
      cssnano-util-get-arguments "^4.0.0"
      postcss "^6.0.0"
      postcss-value-parser "^3.0.0"
  
  postcss-reduce-initial@^4.0.0:
    version "4.0.1"
    resolved "https://registry.yarnpkg.com/postcss-reduce-initial/-/postcss-reduce-initial-4.0.1.tgz#f2d58f50cea2b0c5dc1278d6ea5ed0ff5829c293"
    dependencies:
      browserslist "^4.0.0"
      caniuse-api "^3.0.0"
      has "^1.0.0"
      postcss "^6.0.0"
  
  postcss-reduce-transforms@^4.0.0:
    version "4.0.0"
    resolved "https://registry.yarnpkg.com/postcss-reduce-transforms/-/postcss-reduce-transforms-4.0.0.tgz#f645fc7440c35274f40de8104e14ad7163edf188"
    dependencies:
      cssnano-util-get-match "^4.0.0"
      has "^1.0.0"
      postcss "^6.0.0"
      postcss-value-parser "^3.0.0"
  
  postcss-selector-parser@^2.2.2:
    version "2.2.3"
    resolved "https://registry.yarnpkg.com/postcss-selector-parser/-/postcss-selector-parser-2.2.3.tgz#f9437788606c3c9acee16ffe8d8b16297f27bb90"
    dependencies:
      flatten "^1.0.2"
      indexes-of "^1.0.1"
      uniq "^1.0.1"
  
  postcss-selector-parser@^3.0.0:
    version "3.1.1"
    resolved "https://registry.yarnpkg.com/postcss-selector-parser/-/postcss-selector-parser-3.1.1.tgz#4f875f4afb0c96573d5cf4d74011aee250a7e865"
    dependencies:
      dot-prop "^4.1.1"
      indexes-of "^1.0.1"
      uniq "^1.0.1"
  
  postcss-svgo@^4.0.0:
    version "4.0.0"
    resolved "https://registry.yarnpkg.com/postcss-svgo/-/postcss-svgo-4.0.0.tgz#c0bbad02520fc636c9d78b0e8403e2e515c32285"
    dependencies:
      is-svg "^3.0.0"
      postcss "^6.0.0"
      postcss-value-parser "^3.0.0"
      svgo "^1.0.0"
  
  postcss-unique-selectors@^4.0.0:
    version "4.0.0"
    resolved "https://registry.yarnpkg.com/postcss-unique-selectors/-/postcss-unique-selectors-4.0.0.tgz#04c1e9764c75874261303402c41f0e9769fc5501"
    dependencies:
      alphanum-sort "^1.0.0"
      postcss "^6.0.0"
      uniqs "^2.0.0"
  
  postcss-value-parser@^3.0.0, postcss-value-parser@^3.3.0:
    version "3.3.0"
    resolved "https://registry.yarnpkg.com/postcss-value-parser/-/postcss-value-parser-3.3.0.tgz#87f38f9f18f774a4ab4c8a232f5c5ce8872a9d15"
  
  postcss@^6.0.0:
    version "6.0.23"
    resolved "https://registry.yarnpkg.com/postcss/-/postcss-6.0.23.tgz#61c82cc328ac60e677645f979054eb98bc0e3324"
    dependencies:
      chalk "^2.4.1"
      source-map "^0.6.1"
      supports-color "^5.4.0"
  
  prop-types@^15.6.2:
    version "15.6.2"
    resolved "https://registry.yarnpkg.com/prop-types/-/prop-types-15.6.2.tgz#05d5ca77b4453e985d60fc7ff8c859094a497102"
    dependencies:
      loose-envify "^1.3.1"
      object-assign "^4.1.1"
  
  q@^1.1.2:
    version "1.5.1"
    resolved "https://registry.yarnpkg.com/q/-/q-1.5.1.tgz#7e32f75b41381291d04611f1bf14109ac00651d7"
  
  reduce-css-calc@^2.0.0:
    version "2.1.4"
    resolved "https://registry.yarnpkg.com/reduce-css-calc/-/reduce-css-calc-2.1.4.tgz#c20e9cda8445ad73d4ff4bea960c6f8353791708"
    dependencies:
      css-unit-converter "^1.1.1"
      postcss-value-parser "^3.3.0"
  
  rgb-regex@^1.0.1:
    version "1.0.1"
    resolved "https://registry.yarnpkg.com/rgb-regex/-/rgb-regex-1.0.1.tgz#c0e0d6882df0e23be254a475e8edd41915feaeb1"
  
  rgba-regex@^1.0.0:
    version "1.0.0"
    resolved "https://registry.yarnpkg.com/rgba-regex/-/rgba-regex-1.0.0.tgz#43374e2e2ca0968b0ef1523460b7d730ff22eeb3"
  
  sax@~1.2.4:
    version "1.2.4"
    resolved "https://registry.yarnpkg.com/sax/-/sax-1.2.4.tgz#2816234e2378bddc4e5354fab5caa895df7100d9"
  
  semver@^5.3.0:
    version "5.5.1"
    resolved "https://registry.yarnpkg.com/semver/-/semver-5.5.1.tgz#7dfdd8814bdb7cabc7be0fb1d734cfb66c940477"
  
  simple-swizzle@^0.2.2:
    version "0.2.2"
    resolved "https://registry.yarnpkg.com/simple-swizzle/-/simple-swizzle-0.2.2.tgz#a4da6b635ffcccca33f70d17cb92592de95e557a"
    dependencies:
      is-arrayish "^0.3.1"
  
  source-map@^0.5.3:
    version "0.5.7"
    resolved "https://registry.yarnpkg.com/source-map/-/source-map-0.5.7.tgz#8a039d2d1021d22d1ea14c80d8ea468ba2ef3fcc"
  
  source-map@^0.6.1:
    version "0.6.1"
    resolved "https://registry.yarnpkg.com/source-map/-/source-map-0.6.1.tgz#74722af32e9614e9c287a8d0bbde48b5e2f1a263"
  
  sprintf-js@~1.0.2:
    version "1.0.3"
    resolved "https://registry.yarnpkg.com/sprintf-js/-/sprintf-js-1.0.3.tgz#04e6926f662895354f3dd015203633b857297e2c"
  
  stable@~0.1.6:
    version "0.1.8"
    resolved "https://registry.yarnpkg.com/stable/-/stable-0.1.8.tgz#836eb3c8382fe2936feaf544631017ce7d47a3cf"
  
  stylehacks@^4.0.0:
    version "4.0.0"
    resolved "https://registry.yarnpkg.com/stylehacks/-/stylehacks-4.0.0.tgz#64b323951c4a24e5fc7b2ec06c137bf32d155e8a"
    dependencies:
      browserslist "^4.0.0"
      postcss "^6.0.0"
      postcss-selector-parser "^3.0.0"
  
  supports-color@^5.3.0, supports-color@^5.4.0:
    version "5.5.0"
    resolved "https://registry.yarnpkg.com/supports-color/-/supports-color-5.5.0.tgz#e2e69a44ac8772f78a1ec0b35b689df6530efc8f"
    dependencies:
      has-flag "^3.0.0"
  
  svgo@^1.0.0:
    version "1.0.5"
    resolved "https://registry.yarnpkg.com/svgo/-/svgo-1.0.5.tgz#7040364c062a0538abacff4401cea6a26a7a389a"
    dependencies:
      coa "~2.0.1"
      colors "~1.1.2"
      css-select "~1.3.0-rc0"
      css-select-base-adapter "~0.1.0"
      css-tree "1.0.0-alpha25"
      css-url-regex "^1.1.0"
      csso "^3.5.0"
      js-yaml "~3.10.0"
      mkdirp "~0.5.1"
      object.values "^1.0.4"
      sax "~1.2.4"
      stable "~0.1.6"
      unquote "~1.1.1"
      util.promisify "~1.0.0"
  
  timsort@^0.3.0:
    version "0.3.0"
    resolved "https://registry.yarnpkg.com/timsort/-/timsort-0.3.0.tgz#405411a8e7e6339fe64db9a234de11dc31e02bd4"
  
  uniq@^1.0.1:
    version "1.0.1"
    resolved "https://registry.yarnpkg.com/uniq/-/uniq-1.0.1.tgz#b31c5ae8254844a3a8281541ce2b04b865a734ff"
  
  uniqs@^2.0.0:
    version "2.0.0"
    resolved "https://registry.yarnpkg.com/uniqs/-/uniqs-2.0.0.tgz#ffede4b36b25290696e6e165d4a59edb998e6b02"
  
  unquote@~1.1.1:
    version "1.1.1"
    resolved "https://registry.yarnpkg.com/unquote/-/unquote-1.1.1.tgz#8fded7324ec6e88a0ff8b905e7c098cdc086d544"
  
  util.promisify@~1.0.0:
    version "1.0.0"
    resolved "https://registry.yarnpkg.com/util.promisify/-/util.promisify-1.0.0.tgz#440f7165a459c9a16dc145eb8e72f35687097030"
    dependencies:
      define-properties "^1.1.2"
      object.getownpropertydescriptors "^2.0.3"
  
  vendors@^1.0.0:
    version "1.0.2"
    resolved "https://registry.yarnpkg.com/vendors/-/vendors-1.0.2.tgz#7fcb5eef9f5623b156bcea89ec37d63676f21801"

Trace: 
  Error: Couldn't find the binary git
      at ProcessSpawnError.MessageError (C:\Users\Waite-Ryan-M\AppData\Roaming\npm\node_modules\yarn\lib\cli.js:186:110)
      at new ProcessSpawnError (C:\Users\Waite-Ryan-M\AppData\Roaming\npm\node_modules\yarn\lib\cli.js:201:118)
      at ChildProcess.<anonymous> (C:\Users\Waite-Ryan-M\AppData\Roaming\npm\node_modules\yarn\lib\cli.js:30237:18)
      at emitOne (events.js:116:13)
      at ChildProcess.emit (events.js:211:7)
      at Process.ChildProcess._handle.onexit (internal/child_process.js:196:12)
      at onErrorNT (internal/child_process.js:372:16)
      at _combinedTickCallback (internal/process/next_tick.js:138:11)
      at process._tickCallback (internal/process/next_tick.js:180:9)
